[TEST] test_l1_runner ▶ START  tests=11
[TEST] test_l1_runner::by_code(600519→贵州茅台) ▶ START
[2026-05-31 22:37:11.813] [INFO] [by_code] [source=tencent] 精确查询行情成功 - code=sh600519
[TEST] test_l1_runner::by_code(600519→贵州茅台) ▶ END  elapsed=0.1s  status=PASS
[TEST] test_l1_runner::by_name(茅台) ▶ START
[2026-05-31 22:37:24.339] [INFO] [by_name] [source=akshare] A股名称模糊搜索成功 - 5525 条
[2026-05-31 22:37:24.432] [INFO] [by_name] [source=tencent] 批量获取行情成功 - 1 只
[TEST] test_l1_runner::by_name(茅台) ▶ END  elapsed=12.6s  status=PASS
[TEST] test_l1_runner::by_name(empty) ▶ START
[TEST] test_l1_runner::by_name(empty) ▶ END  elapsed=0.0s  status=PASS
[TEST] test_l1_runner::by_sector(白酒) ▶ START
[2026-05-31 22:37:30.107] [INFO] [l1_runner] 开始L1选股 market=CN
[TEST] test_l1_runner::by_sector(白酒) ▶ END  elapsed=6.7s  status=PASS
[TEST] test_l1_runner::by_sector(not_found) ▶ START
[2026-05-31 22:37:37.124] [ERROR] [by_sector] [source=akshare] A股板块查询失败 - ConnectionError: ('Connection aborted.', RemoteDisconnected('Remote end closed connection without response'))
[TEST] test_l1_runner::by_sector(not_found) ▶ END  elapsed=6.0s  status=PASS
[TEST] test_l1_runner::by_strategy(breakout) ▶ START
[2026-05-31 22:37:41.621] [INFO] [by_name] [source=akshare] A股名称模糊搜索成功 - 5525 条
[2026-05-31 22:37:41.733] [INFO] [by_name] [source=tencent] 批量获取行情成功 - 1 只
[2026-05-31 22:37:41.733] [INFO] [l1_runner] L1选股完成: 1 只候选股票
[2026-05-31 22:37:44.714] [INFO] [l1_runner] 开始L1选股 market=CN
[TEST] test_l1_runner::by_strategy(breakout) ▶ END  elapsed=9.7s  status=PASS
[TEST] test_l1_runner::by_strategy(growth_momentum) ▶ START
[2026-05-31 22:37:51.167] [ERROR] [by_sector] [source=akshare] A股板块查询失败 - ConnectionError: ('Connection aborted.', RemoteDisconnected('Remote end closed connection without response'))
[2026-05-31 22:37:51.168] [INFO] [l1_runner] L1选股完成: 0 只候选股票
[2026-05-31 22:37:54.320] [INFO] [l1_runner] 开始L1选股 market=CN
[TEST] test_l1_runner::by_strategy(growth_momentum) ▶ END  elapsed=8.7s  status=PASS
[TEST] test_l1_runner::by_strategy(garp) ▶ START
[2026-05-31 22:38:03.817] [INFO] [l1_runner] L1选股完成: 3 只候选股票
[TEST] test_l1_runner::by_strategy(garp) ▶ END  elapsed=9.0s  status=PASS
[TEST] test_l1_runner::by_strategy(pullback) ▶ START
[2026-05-31 22:38:07.645] [INFO] [l1_runner] 开始L1选股 market=CN
[2026-05-31 22:38:08.363] [INFO] [by_code] [source=tencent] 精确查询行情成功 - code=sh600519
[2026-05-31 22:38:08.363] [INFO] [l1_runner] L1选股完成: 1 只候选股票
[2026-05-31 22:38:08.363] [INFO] [l2_runner] 开始L2数据充实: 1 只股票
[TEST] test_l1_runner::by_strategy(pullback) ▶ END  elapsed=8.8s  status=PASS
[TEST] test_l1_runner::by_strategy(quality_value) ▶ START
[TEST] test_l1_runner::by_strategy(quality_value) ▶ END  elapsed=8.7s  status=PASS
[TEST] test_l1_runner::unknown_mode ▶ START
[TEST] test_l1_runner::unknown_mode ▶ END  elapsed=0.0s  status=PASS
[TEST] test_l1_runner ▶ END  passed=11 failed=0 elapsed=70.3s  status=PASS
[TEST] test_l2_runner ▶ START  tests=9
[TEST] test_l2_runner::CN(600519贵州茅台) ▶ START
[2026-05-31 22:38:22.442] [source=tencent] fetch_qq_realtime ✅ - code=600519, price=1326.0
[2026-05-31 22:38:31.426] [INFO] [l2_runner] L2数据充实完成: 1 只股票，耗时23.1s
[2026-05-31 22:38:31.428] [INFO] [l3_runner] 开始L3量化分析: 1 只股票
[2026-05-31 22:38:35.363] [INFO] [l3_runner] L3量化分析完成: 1 只股票，耗时3.9s
[2026-05-31 22:38:35.364] [INFO] [l4_runner] 开始L4风险裁决: 1 只股票
[2026-05-31 22:38:35.372] [INFO] [l4_runner] L4风险裁决完成: 1 只，BUY=1，耗时0.0s
[2026-05-31 22:38:42.115] [source=akshare] fetch_fund_flow ✅ - code=600519, has_main_net_flow_5d=False
[2026-05-31 22:38:43.639] [source=baostock] fetch_technical ✅ - code=600519, ma_status=neutral
[2026-05-31 22:38:44.499] [source=akshare] fetch_fundamentals ✅ - code=600519, roe=10.06
[2026-05-31 22:38:44.690] [source=akshare] fetch_sector_data ✅ - code=600519, sector_count=40
[2026-05-31 22:38:44.760] [source=akshare] fetch_event_data ✅ - code=600519, news_count=10
[TEST] test_l2_runner::CN(600519贵州茅台) ▶ END  elapsed=22.5s  status=PASS
[TEST] test_l2_runner::HK(00700腾讯) ▶ START
[TEST] test_l2_runner::HK(00700腾讯) ▶ END  elapsed=3.3s  status=PASS
[TEST] test_l2_runner::US(SMCI超微) ▶ START
[TEST] test_l2_runner::US(SMCI超微) ▶ END  elapsed=11.3s  status=PASS
[TEST] test_l2_runner::quality_markers ▶ START
[2026-05-31 22:38:59.498] [source=tencent] fetch_qq_realtime ✅ - code=600519, price=1326.0
[2026-05-31 22:39:05.351] [INFO] [l1_runner] 开始L1选股 market=CN
[2026-05-31 22:39:06.012] [INFO] [by_code] [source=tencent] 精确查询行情成功 - code=sh600519
[2026-05-31 22:39:06.012] [INFO] [l1_runner] L1选股完成: 1 只候选股票
[2026-05-31 22:39:06.012] [INFO] [l2_runner] 开始L2数据充实: 1 只股票
[2026-05-31 22:39:14.168] [source=akshare] fetch_fund_flow ✅ - code=600519, has_main_net_flow_5d=False
[2026-05-31 22:39:14.699] [source=baostock] fetch_technical ✅ - code=600519, ma_status=neutral
[2026-05-31 22:39:15.585] [source=akshare] fetch_fundamentals ✅ - code=600519, roe=10.06
[2026-05-31 22:39:15.774] [source=akshare] fetch_sector_data ✅ - code=600519, sector_count=40
[2026-05-31 22:39:15.840] [source=akshare] fetch_event_data ✅ - code=600519, news_count=10
[TEST] test_l2_runner::quality_markers ▶ END  elapsed=16.5s  status=PASS
[TEST] test_l2_runner::missing_fields ▶ START
[2026-05-31 22:39:15.964] [source=tencent] fetch_qq_realtime ✅ - code=600519, price=1326.0
[2026-05-31 22:39:26.679] [INFO] [l2_runner] L2数据充实完成: 1 只股票，耗时20.7s
[2026-05-31 22:39:26.679] [INFO] [l3_runner] 开始L3量化分析: 1 只股票
[2026-05-31 22:39:29.282] [source=akshare] fetch_fund_flow ✅ - code=600519, has_main_net_flow_5d=False
[2026-05-31 22:39:31.263] [INFO] [l3_runner] L3量化分析完成: 1 只股票，耗时4.6s
[2026-05-31 22:39:31.263] [INFO] [l4_runner] 开始L4风险裁决: 1 只股票
[2026-05-31 22:39:31.270] [INFO] [l4_runner] L4风险裁决完成: 1 只，BUY=1，耗时0.0s
[2026-05-31 22:39:33.118] [source=baostock] fetch_technical ✅ - code=600519, ma_status=neutral
[2026-05-31 22:39:33.959] [source=akshare] fetch_fundamentals ✅ - code=600519, roe=10.06
[2026-05-31 22:39:34.112] [source=akshare] fetch_sector_data ✅ - code=600519, sector_count=40
[2026-05-31 22:39:34.181] [source=akshare] fetch_event_data ✅ - code=600519, news_count=10
[TEST] test_l2_runner::missing_fields ▶ END  elapsed=18.3s  status=PASS
[TEST] test_l2_runner::invalid_market ▶ START
[TEST] test_l2_runner::invalid_market ▶ END  elapsed=0.0s  status=PASS
[TEST] test_l2_runner::run_date_field ▶ START
[2026-05-31 22:39:34.299] [source=tencent] fetch_qq_realtime ✅ - code=600519, price=1326.0
[2026-05-31 22:39:49.312] [source=akshare] fetch_fund_flow ✅ - code=600519, has_main_net_flow_5d=False
[2026-05-31 22:39:49.679] [source=baostock] fetch_technical ✅ - code=600519, ma_status=neutral
[2026-05-31 22:39:50.472] [source=akshare] fetch_fundamentals ✅ - code=600519, roe=10.06
[2026-05-31 22:39:50.637] [source=akshare] fetch_sector_data ✅ - code=600519, sector_count=40
[2026-05-31 22:39:50.706] [source=akshare] fetch_event_data ✅ - code=600519, news_count=10
[TEST] test_l2_runner::run_date_field ▶ END  elapsed=16.5s  status=PASS
[TEST] test_l2_runner::fund_flow_fallback ▶ START
[2026-05-31 22:39:50.842] [source=tencent] fetch_qq_realtime ✅ - code=600519, price=1326.0
[2026-05-31 22:40:05.132] [source=akshare] fetch_fund_flow ✅ - code=600519, has_main_net_flow_5d=False
[2026-05-31 22:40:05.993] [source=baostock] fetch_technical ✅ - code=600519, ma_status=neutral
[2026-05-31 22:40:07.078] [source=akshare] fetch_fundamentals ✅ - code=600519, roe=10.06
[2026-05-31 22:40:07.373] [source=akshare] fetch_sector_data ✅ - code=600519, sector_count=40
[2026-05-31 22:40:07.502] [source=akshare] fetch_event_data ✅ - code=600519, news_count=10
[TEST] test_l2_runner::fund_flow_fallback ▶ END  elapsed=16.8s  status=PASS
[TEST] test_l2_runner::sector_all_fail ▶ START
[2026-05-31 22:40:07.624] [source=tencent] fetch_qq_realtime ✅ - code=600519, price=1326.0
[2026-05-31 22:40:22.262] [source=akshare] fetch_fund_flow ✅ - code=600519, has_main_net_flow_5d=False
[2026-05-31 22:40:23.374] [source=baostock] fetch_technical ✅ - code=600519, ma_status=neutral
[2026-05-31 22:40:24.317] [source=akshare] fetch_fundamentals ✅ - code=600519, roe=10.06
[2026-05-31 22:40:24.543] [source=akshare] fetch_sector_data ✅ - code=600519, sector_count=40
[2026-05-31 22:40:24.630] [source=akshare] fetch_event_data ✅ - code=600519, news_count=10
[TEST] test_l2_runner::sector_all_fail ▶ END  elapsed=17.1s  status=PASS
[TEST] test_l2_runner ▶ END  passed=9 failed=0 elapsed=122.3s  status=PASS
[TEST] test_l3_quant_runner ▶ START  tests=11
[TEST] test_l3_quant_runner::normal_l2 ▶ START
[TEST] test_l3_quant_runner::normal_l2 ▶ END  elapsed=0.0s  status=PASS
[TEST] test_l3_quant_runner::failed_dimensions_tracking ▶ START
[TEST] test_l3_quant_runner::failed_dimensions_tracking ▶ END  elapsed=0.0s  status=PASS
[TEST] test_l3_quant_runner::score_structure ▶ START
[TEST] test_l3_quant_runner::score_structure ▶ END  elapsed=0.0s  status=PASS
[TEST] test_l3_quant_runner::debate_structure ▶ START
[TEST] test_l3_quant_runner::debate_structure ▶ END  elapsed=0.0s  status=PASS
[TEST] test_l3_quant_runner::degrade_quality_propagation ▶ START
[TEST] test_l3_quant_runner::degrade_quality_propagation ▶ END  elapsed=0.0s  status=PASS
[TEST] test_l3_quant_runner::empty_l2_data ▶ START
[TEST] test_l3_quant_runner::empty_l2_data ▶ END  elapsed=0.0s  status=PASS
[TEST] test_l3_quant_runner::missing_fields_detection ▶ START
[TEST] test_l3_quant_runner::missing_fields_detection ▶ END  elapsed=0.0s  status=PASS
[TEST] test_l3_quant_runner::partial_dimension_missing ▶ START
[TEST] test_l3_quant_runner::partial_dimension_missing ▶ END  elapsed=0.0s  status=PASS
[TEST] test_l3_quant_runner::zero_field_values ▶ START
[TEST] test_l3_quant_runner::zero_field_values ▶ END  elapsed=0.0s  status=PASS
[TEST] test_l3_quant_runner::extreme_low_score ▶ START
[TEST] test_l3_quant_runner::extreme_low_score ▶ END  elapsed=0.0s  status=PASS
[TEST] test_l3_quant_runner::field_type_error ▶ START
[TEST] test_l3_quant_runner::field_type_error ▶ END  elapsed=0.0s  status=PASS
[TEST] test_l3_quant_runner ▶ END  passed=11 failed=0 elapsed=0.0s  status=PASS
[TEST] test_l4_runner ▶ START  tests=4
[TEST] test_l4_runner::run_risk_judgment ▶ START
[TEST] test_l4_runner::run_risk_judgment ▶ END  elapsed=0.0s  status=PASS
[TEST] test_l4_runner::judge_components ▶ START
[TEST] test_l4_runner::judge_components ▶ END  elapsed=0.0s  status=PASS
[TEST] test_l4_runner::quality_degraded_lowers_score ▶ START
[TEST] test_l4_runner::quality_degraded_lowers_score ▶ END  elapsed=0.0s  status=PASS
[TEST] test_l4_runner::decision_thresholds ▶ START
[TEST] test_l4_runner::decision_thresholds ▶ END  elapsed=0.0s  status=PASS
[TEST] test_l4_runner ▶ END  passed=4 failed=0 elapsed=0.0s  status=PASS
[2026-05-31 22:51:18.176] [INFO] [l1_runner] 开始L1选股 market=CN
[2026-05-31 22:51:19.052] [INFO] [by_code] [source=tencent] 精确查询行情成功 - code=sh600519
[2026-05-31 22:51:19.052] [INFO] [l1_runner] L1选股完成: 1 只候选股票
[2026-05-31 22:51:23.191] [INFO] [l1_runner] 开始L1选股 market=CN
[2026-05-31 22:51:23.713] [INFO] [by_code] [source=tencent] 精确查询行情成功 - code=sh600519
[2026-05-31 22:51:23.797] [INFO] [by_code] [source=tencent] 精确查询行情成功 - code=sz000858
[2026-05-31 22:51:23.798] [INFO] [l1_runner] L1选股完成: 2 只候选股票
[2026-05-31 22:51:30.834] [INFO] [l1_runner] 开始L1选股 market=HK
[2026-05-31 22:51:31.511] [INFO] [by_code] [source=tencent] 精确查询行情成功 - code=hk09999
[2026-05-31 22:51:31.511] [INFO] [l1_runner] L1选股完成: 1 只候选股票
[2026-05-31 22:51:35.463] [INFO] [l1_runner] 开始L1选股 market=US
[2026-05-31 22:51:36.006] [INFO] [by_code] [source=tencent] 精确查询行情成功 - code=usTSM
[2026-05-31 22:51:36.006] [INFO] [l1_runner] L1选股完成: 1 只候选股票
[2026-05-31 22:51:40.032] [INFO] [l1_runner] 开始L1选股 market=CN
[2026-05-31 22:51:53.301] [INFO] [by_name] [source=akshare] A股名称模糊搜索成功 - 5525 条
[2026-05-31 22:51:53.390] [INFO] [by_name] [source=tencent] 批量获取行情成功 - 1 只
[2026-05-31 22:51:53.390] [INFO] [l1_runner] L1选股完成: 1 只候选股票
[2026-05-31 22:51:57.308] [INFO] [l1_runner] 开始L1选股 market=HK
[2026-05-31 22:51:58.229] [ERROR] [by_name] [source=akshare] 名称模糊搜索失败 - AttributeError: module 'akshare' has no attribute 'stock_info_hk_name_code'
[2026-05-31 22:51:58.229] [INFO] [l1_runner] L1选股完成: 0 只候选股票
[2026-05-31 22:52:34.169] [INFO] [l1_runner] 开始L1选股 market=US
[2026-05-31 22:52:40.884] [ERROR] [by_name] [source=akshare] 名称模糊搜索失败 - ConnectionError: ('Connection aborted.', RemoteDisconnected('Remote end closed connection without response'))
[2026-05-31 22:52:40.885] [INFO] [l1_runner] L1选股完成: 0 只候选股票
[2026-05-31 22:52:44.791] [INFO] [l1_runner] 开始L1选股 market=CN
[2026-05-31 22:52:50.101] [ERROR] [by_sector] [source=akshare] A股板块查询失败 - ConnectionError: ('Connection aborted.', RemoteDisconnected('Remote end closed connection without response'))
[2026-05-31 22:52:50.101] [INFO] [l1_runner] L1选股完成: 0 只候选股票
[2026-05-31 22:52:54.534] [INFO] [l1_runner] 开始L1选股 market=CN
[2026-05-31 22:52:59.578] [ERROR] [by_sector] [source=akshare] A股板块查询失败 - ConnectionError: ('Connection aborted.', RemoteDisconnected('Remote end closed connection without response'))
[2026-05-31 22:52:59.578] [INFO] [l1_runner] L1选股完成: 0 只候选股票
[2026-05-31 22:53:13.940] [INFO] [l1_runner] 开始L1选股 market=HK
[2026-05-31 22:53:14.561] [ERROR] [by_sector] [source=akshare] 获取港股板块列表失败 - AttributeError: module 'akshare' has no attribute 'stock_board_hk_industry_name_em'
[2026-05-31 22:53:14.561] [INFO] [l1_runner] L1选股完成: 0 只候选股票
[2026-05-31 22:53:36.467] [INFO] [l1_runner] 开始L1选股 market=CN
[2026-05-31 22:53:46.750] [INFO] [l1_runner] L1选股完成: 3 只候选股票
[2026-05-31 22:53:50.700] [INFO] [l1_runner] 开始L1选股 market=CN
[2026-05-31 22:53:59.596] [INFO] [l1_runner] L1选股完成: 3 只候选股票
[2026-05-31 22:54:03.964] [INFO] [l1_runner] 开始L1选股 market=CN
[2026-05-31 22:54:04.369] [INFO] [l1_runner] 开始操作: 获取股票列表: market=cn, pool=index800
[2026-05-31 22:54:06.056] [INFO] [l1_runner] [source=akshare] 获取A股指数成分股(沪深300+中证500)成功 - 800 条
[2026-05-31 22:54:06.056] [INFO] [l1_runner] 开始操作: 拉取行情: market=cn, 800 只股票
[2026-05-31 22:54:13.945] [INFO] [l1_runner] [source=tencent] 获取A股行情成功 - 800 条
[2026-05-31 22:54:13.947] [INFO] [l1_runner] 开始操作: 策略评分: breakout
[2026-05-31 22:54:13.949] [INFO] [l1_runner] 完成操作: 策略评分: breakout - 3 条
[2026-05-31 22:54:13.950] [INFO] [l1_runner] 开始操作: 策略评分: growth_momentum
[2026-05-31 22:54:13.954] [INFO] [l1_runner] 完成操作: 策略评分: growth_momentum - 3 条
[2026-05-31 22:54:13.954] [INFO] [l1_runner] 开始操作: 策略评分: garp
[2026-05-31 22:54:13.957] [INFO] [l1_runner] 完成操作: 策略评分: garp - 3 条
[2026-05-31 22:54:13.957] [INFO] [l1_runner] 开始操作: 策略评分: pullback
[2026-05-31 22:54:13.959] [INFO] [l1_runner] 完成操作: 策略评分: pullback - 3 条
[2026-05-31 22:54:13.959] [INFO] [l1_runner] 开始操作: 策略评分: quality_value
[2026-05-31 22:54:13.963] [INFO] [l1_runner] 完成操作: 策略评分: quality_value - 3 条
[2026-05-31 22:54:13.963] [INFO] [l1_runner] 完成操作: 全部策略 - 15 条
[2026-05-31 22:54:13.964] [INFO] [l1_runner] L1选股完成: 15 只候选股票
[2026-05-31 22:54:19.202] [INFO] [l1_runner] 开始L1选股 market=CN
[2026-05-31 22:54:20.082] [INFO] [by_code] [source=tencent] 精确查询行情成功 - code=sh600519
[2026-05-31 22:54:20.082] [INFO] [l1_runner] L1选股完成: 1 只候选股票
[2026-05-31 22:54:20.082] [INFO] [l2_runner] 开始L2数据充实: 1 只股票
[2026-05-31 22:54:48.212] [INFO] [l2_runner] L2数据充实完成: 1 只股票，耗时28.1s
[2026-05-31 22:54:48.213] [INFO] [l3_runner] 开始L3量化分析: 1 只股票
[2026-05-31 22:54:54.382] [INFO] [l3_runner] L3量化分析完成: 1 只股票，耗时6.2s
[2026-05-31 22:54:54.382] [INFO] [l4_runner] 开始L4风险裁决: 1 只股票
[2026-05-31 22:54:54.392] [INFO] [l4_runner] L4风险裁决完成: 1 只，BUY=1，耗时0.0s
[2026-05-31 22:54:58.923] [INFO] [l1_runner] 开始L1选股 market=CN
[2026-05-31 22:55:08.679] [INFO] [l1_runner] L1选股完成: 3 只候选股票
[2026-05-31 22:55:08.680] [INFO] [l2_runner] 开始L2数据充实: 3 只股票
[2026-05-31 22:55:45.434] [INFO] [l2_runner] L2数据充实完成: 3 只股票，耗时36.8s
[2026-05-31 22:55:45.434] [INFO] [l3_runner] 开始L3量化分析: 1 只股票
[2026-05-31 22:55:56.457] [INFO] [l3_runner] L3量化分析完成: 1 只股票，耗时11.0s
[2026-05-31 22:55:56.457] [INFO] [l4_runner] 开始L4风险裁决: 1 只股票
[2026-05-31 22:55:56.465] [INFO] [l4_runner] L4风险裁决完成: 1 只，BUY=0，耗时0.0s
[2026-05-31 22:55:56.465] [INFO] [l3_runner] 开始L3量化分析: 1 只股票
[2026-05-31 22:56:16.020] [INFO] [l3_runner] L3量化分析完成: 1 只股票，耗时19.6s
[2026-05-31 22:56:16.021] [INFO] [l4_runner] 开始L4风险裁决: 1 只股票
[2026-05-31 22:56:16.021] [INFO] [l4_runner] L4风险裁决完成: 1 只，BUY=0，耗时0.0s
[2026-05-31 22:56:16.021] [INFO] [l3_runner] 开始L3量化分析: 1 只股票
[2026-05-31 22:56:35.158] [INFO] [l3_runner] L3量化分析完成: 1 只股票，耗时19.1s
[2026-05-31 22:56:35.159] [INFO] [l4_runner] 开始L4风险裁决: 1 只股票
[2026-05-31 22:56:35.160] [INFO] [l4_runner] L4风险裁决完成: 1 只，BUY=0，耗时0.0s
[2026-05-31 22:56:35.161] [INFO] [l5_runner] 开始L5终审: 0 只BUY决策
[2026-05-31 22:56:35.176] [WARN] [position_tracker] 获取600938价格失败: cannot import name 'fetch_qq_realtime' from 'L2_data_enrich.data_fetcher' (/Users/guchuang/.hermes/investment/L2_data_enrich/data_fetcher.py)
[2026-05-31 22:56:35.176] [WARN] [position_tracker] 获取603195价格失败: cannot import name 'fetch_qq_realtime' from 'L2_data_enrich.data_fetcher' (/Users/guchuang/.hermes/investment/L2_data_enrich/data_fetcher.py)
[2026-05-31 22:56:35.176] [WARN] [position_tracker] 获取000792价格失败: cannot import name 'fetch_qq_realtime' from 'L2_data_enrich.data_fetcher' (/Users/guchuang/.hermes/investment/L2_data_enrich/data_fetcher.py)
[2026-05-31 22:56:35.176] [WARN] [position_tracker] 获取600160价格失败: cannot import name 'fetch_qq_realtime' from 'L2_data_enrich.data_fetcher' (/Users/guchuang/.hermes/investment/L2_data_enrich/data_fetcher.py)
[2026-05-31 22:56:35.177] [WARN] [position_tracker] 获取300972价格失败: cannot import name 'fetch_qq_realtime' from 'L2_data_enrich.data_fetcher' (/Users/guchuang/.hermes/investment/L2_data_enrich/data_fetcher.py)
[2026-05-31 22:56:35.177] [WARN] [position_tracker] 获取600884价格失败: cannot import name 'fetch_qq_realtime' from 'L2_data_enrich.data_fetcher' (/Users/guchuang/.hermes/investment/L2_data_enrich/data_fetcher.py)
[2026-05-31 22:56:35.177] [WARN] [position_tracker] 获取002738价格失败: cannot import name 'fetch_qq_realtime' from 'L2_data_enrich.data_fetcher' (/Users/guchuang/.hermes/investment/L2_data_enrich/data_fetcher.py)
[2026-05-31 22:56:35.177] [WARN] [position_tracker] 获取688012价格失败: cannot import name 'fetch_qq_realtime' from 'L2_data_enrich.data_fetcher' (/Users/guchuang/.hermes/investment/L2_data_enrich/data_fetcher.py)
[2026-05-31 22:56:35.177] [WARN] [position_tracker] 获取002414价格失败: cannot import name 'fetch_qq_realtime' from 'L2_data_enrich.data_fetcher' (/Users/guchuang/.hermes/investment/L2_data_enrich/data_fetcher.py)
[2026-05-31 22:56:35.178] [WARN] [position_tracker] 获取688017价格失败: cannot import name 'fetch_qq_realtime' from 'L2_data_enrich.data_fetcher' (/Users/guchuang/.hermes/investment/L2_data_enrich/data_fetcher.py)
[2026-05-31 22:56:35.178] [WARN] [position_tracker] 获取002266价格失败: cannot import name 'fetch_qq_realtime' from 'L2_data_enrich.data_fetcher' (/Users/guchuang/.hermes/investment/L2_data_enrich/data_fetcher.py)
[2026-05-31 22:56:35.178] [WARN] [position_tracker] 获取002266价格失败: cannot import name 'fetch_qq_realtime' from 'L2_data_enrich.data_fetcher' (/Users/guchuang/.hermes/investment/L2_data_enrich/data_fetcher.py)
[2026-05-31 22:56:35.178] [WARN] [position_tracker] 获取600160价格失败: cannot import name 'fetch_qq_realtime' from 'L2_data_enrich.data_fetcher' (/Users/guchuang/.hermes/investment/L2_data_enrich/data_fetcher.py)
[2026-05-31 22:56:35.178] [WARN] [position_tracker] 获取600160价格失败: cannot import name 'fetch_qq_realtime' from 'L2_data_enrich.data_fetcher' (/Users/guchuang/.hermes/investment/L2_data_enrich/data_fetcher.py)
[2026-05-31 22:56:35.179] [WARN] [position_tracker] 获取001286价格失败: cannot import name 'fetch_qq_realtime' from 'L2_data_enrich.data_fetcher' (/Users/guchuang/.hermes/investment/L2_data_enrich/data_fetcher.py)
[2026-05-31 22:56:35.179] [WARN] [position_tracker] 获取600160价格失败: cannot import name 'fetch_qq_realtime' from 'L2_data_enrich.data_fetcher' (/Users/guchuang/.hermes/investment/L2_data_enrich/data_fetcher.py)
[2026-05-31 22:56:35.179] [WARN] [position_tracker] 获取601878价格失败: cannot import name 'fetch_qq_realtime' from 'L2_data_enrich.data_fetcher' (/Users/guchuang/.hermes/investment/L2_data_enrich/data_fetcher.py)
[2026-05-31 22:56:35.179] [WARN] [position_tracker] 获取600160价格失败: cannot import name 'fetch_qq_realtime' from 'L2_data_enrich.data_fetcher' (/Users/guchuang/.hermes/investment/L2_data_enrich/data_fetcher.py)
[2026-05-31 22:56:35.179] [WARN] [position_tracker] 获取001286价格失败: cannot import name 'fetch_qq_realtime' from 'L2_data_enrich.data_fetcher' (/Users/guchuang/.hermes/investment/L2_data_enrich/data_fetcher.py)
[2026-05-31 22:56:35.180] [WARN] [position_tracker] 获取002266价格失败: cannot import name 'fetch_qq_realtime' from 'L2_data_enrich.data_fetcher' (/Users/guchuang/.hermes/investment/L2_data_enrich/data_fetcher.py)
[2026-05-31 22:56:35.180] [WARN] [position_tracker] 获取002266价格失败: cannot import name 'fetch_qq_realtime' from 'L2_data_enrich.data_fetcher' (/Users/guchuang/.hermes/investment/L2_data_enrich/data_fetcher.py)
[2026-05-31 22:56:35.180] [WARN] [position_tracker] 获取600160价格失败: cannot import name 'fetch_qq_realtime' from 'L2_data_enrich.data_fetcher' (/Users/guchuang/.hermes/investment/L2_data_enrich/data_fetcher.py)
[2026-05-31 22:56:35.180] [WARN] [position_tracker] 获取600160价格失败: cannot import name 'fetch_qq_realtime' from 'L2_data_enrich.data_fetcher' (/Users/guchuang/.hermes/investment/L2_data_enrich/data_fetcher.py)
[2026-05-31 22:56:35.180] [WARN] [position_tracker] 获取002266价格失败: cannot import name 'fetch_qq_realtime' from 'L2_data_enrich.data_fetcher' (/Users/guchuang/.hermes/investment/L2_data_enrich/data_fetcher.py)
[2026-05-31 22:56:35.180] [WARN] [position_tracker] 获取001286价格失败: cannot import name 'fetch_qq_realtime' from 'L2_data_enrich.data_fetcher' (/Users/guchuang/.hermes/investment/L2_data_enrich/data_fetcher.py)
[2026-05-31 22:56:35.181] [WARN] [position_tracker] 获取601878价格失败: cannot import name 'fetch_qq_realtime' from 'L2_data_enrich.data_fetcher' (/Users/guchuang/.hermes/investment/L2_data_enrich/data_fetcher.py)
[2026-05-31 22:56:35.181] [WARN] [position_tracker] 获取600160价格失败: cannot import name 'fetch_qq_realtime' from 'L2_data_enrich.data_fetcher' (/Users/guchuang/.hermes/investment/L2_data_enrich/data_fetcher.py)
[2026-05-31 22:56:35.181] [WARN] [position_tracker] 获取001286价格失败: cannot import name 'fetch_qq_realtime' from 'L2_data_enrich.data_fetcher' (/Users/guchuang/.hermes/investment/L2_data_enrich/data_fetcher.py)
[2026-05-31 22:56:35.181] [WARN] [position_tracker] 获取002202价格失败: cannot import name 'fetch_qq_realtime' from 'L2_data_enrich.data_fetcher' (/Users/guchuang/.hermes/investment/L2_data_enrich/data_fetcher.py)
[2026-05-31 22:56:35.181] [WARN] [position_tracker] 获取002354价格失败: cannot import name 'fetch_qq_realtime' from 'L2_data_enrich.data_fetcher' (/Users/guchuang/.hermes/investment/L2_data_enrich/data_fetcher.py)
[2026-05-31 22:56:35.181] [WARN] [position_tracker] 获取600160价格失败: cannot import name 'fetch_qq_realtime' from 'L2_data_enrich.data_fetcher' (/Users/guchuang/.hermes/investment/L2_data_enrich/data_fetcher.py)
[2026-05-31 22:56:35.182] [WARN] [position_tracker] 获取001286价格失败: cannot import name 'fetch_qq_realtime' from 'L2_data_enrich.data_fetcher' (/Users/guchuang/.hermes/investment/L2_data_enrich/data_fetcher.py)
[2026-05-31 22:56:35.182] [WARN] [position_tracker] 获取002202价格失败: cannot import name 'fetch_qq_realtime' from 'L2_data_enrich.data_fetcher' (/Users/guchuang/.hermes/investment/L2_data_enrich/data_fetcher.py)
[2026-05-31 22:56:35.182] [WARN] [position_tracker] 获取002354价格失败: cannot import name 'fetch_qq_realtime' from 'L2_data_enrich.data_fetcher' (/Users/guchuang/.hermes/investment/L2_data_enrich/data_fetcher.py)
[2026-05-31 22:56:35.182] [WARN] [position_tracker] 获取002414价格失败: cannot import name 'fetch_qq_realtime' from 'L2_data_enrich.data_fetcher' (/Users/guchuang/.hermes/investment/L2_data_enrich/data_fetcher.py)
[2026-05-31 22:56:35.182] [WARN] [position_tracker] 获取002266价格失败: cannot import name 'fetch_qq_realtime' from 'L2_data_enrich.data_fetcher' (/Users/guchuang/.hermes/investment/L2_data_enrich/data_fetcher.py)
[2026-05-31 22:56:35.182] [WARN] [position_tracker] 获取001286价格失败: cannot import name 'fetch_qq_realtime' from 'L2_data_enrich.data_fetcher' (/Users/guchuang/.hermes/investment/L2_data_enrich/data_fetcher.py)
[2026-05-31 22:56:35.183] [WARN] [position_tracker] 获取002202价格失败: cannot import name 'fetch_qq_realtime' from 'L2_data_enrich.data_fetcher' (/Users/guchuang/.hermes/investment/L2_data_enrich/data_fetcher.py)
[2026-05-31 22:56:35.183] [WARN] [position_tracker] 获取002354价格失败: cannot import name 'fetch_qq_realtime' from 'L2_data_enrich.data_fetcher' (/Users/guchuang/.hermes/investment/L2_data_enrich/data_fetcher.py)
[2026-05-31 22:56:35.183] [WARN] [position_tracker] 获取002414价格失败: cannot import name 'fetch_qq_realtime' from 'L2_data_enrich.data_fetcher' (/Users/guchuang/.hermes/investment/L2_data_enrich/data_fetcher.py)
[2026-05-31 22:56:35.183] [WARN] [position_tracker] 获取002050价格失败: cannot import name 'fetch_qq_realtime' from 'L2_data_enrich.data_fetcher' (/Users/guchuang/.hermes/investment/L2_data_enrich/data_fetcher.py)
[2026-05-31 22:56:35.183] [WARN] [position_tracker] 获取600160价格失败: cannot import name 'fetch_qq_realtime' from 'L2_data_enrich.data_fetcher' (/Users/guchuang/.hermes/investment/L2_data_enrich/data_fetcher.py)
[2026-05-31 22:56:35.183] [WARN] [position_tracker] 获取601878价格失败: cannot import name 'fetch_qq_realtime' from 'L2_data_enrich.data_fetcher' (/Users/guchuang/.hermes/investment/L2_data_enrich/data_fetcher.py)
[2026-05-31 22:56:35.184] [WARN] [position_tracker] 获取002354价格失败: cannot import name 'fetch_qq_realtime' from 'L2_data_enrich.data_fetcher' (/Users/guchuang/.hermes/investment/L2_data_enrich/data_fetcher.py)
[2026-05-31 22:56:35.184] [WARN] [position_tracker] 获取002414价格失败: cannot import name 'fetch_qq_realtime' from 'L2_data_enrich.data_fetcher' (/Users/guchuang/.hermes/investment/L2_data_enrich/data_fetcher.py)
[2026-05-31 22:56:35.184] [WARN] [position_tracker] 获取002050价格失败: cannot import name 'fetch_qq_realtime' from 'L2_data_enrich.data_fetcher' (/Users/guchuang/.hermes/investment/L2_data_enrich/data_fetcher.py)
[2026-05-31 22:56:35.184] [WARN] [position_tracker] 获取002266价格失败: cannot import name 'fetch_qq_realtime' from 'L2_data_enrich.data_fetcher' (/Users/guchuang/.hermes/investment/L2_data_enrich/data_fetcher.py)
[2026-05-31 22:56:35.185] [WARN] [position_tracker] 获取002202价格失败: cannot import name 'fetch_qq_realtime' from 'L2_data_enrich.data_fetcher' (/Users/guchuang/.hermes/investment/L2_data_enrich/data_fetcher.py)
[2026-05-31 22:56:35.185] [WARN] [position_tracker] 获取002354价格失败: cannot import name 'fetch_qq_realtime' from 'L2_data_enrich.data_fetcher' (/Users/guchuang/.hermes/investment/L2_data_enrich/data_fetcher.py)
[2026-05-31 22:56:35.185] [WARN] [position_tracker] 获取002414价格失败: cannot import name 'fetch_qq_realtime' from 'L2_data_enrich.data_fetcher' (/Users/guchuang/.hermes/investment/L2_data_enrich/data_fetcher.py)
[2026-05-31 22:56:35.185] [WARN] [position_tracker] 获取600160价格失败: cannot import name 'fetch_qq_realtime' from 'L2_data_enrich.data_fetcher' (/Users/guchuang/.hermes/investment/L2_data_enrich/data_fetcher.py)
[2026-05-31 22:56:35.186] [WARN] [position_tracker] 获取001286价格失败: cannot import name 'fetch_qq_realtime' from 'L2_data_enrich.data_fetcher' (/Users/guchuang/.hermes/investment/L2_data_enrich/data_fetcher.py)
[2026-05-31 22:56:35.186] [WARN] [position_tracker] 获取002202价格失败: cannot import name 'fetch_qq_realtime' from 'L2_data_enrich.data_fetcher' (/Users/guchuang/.hermes/investment/L2_data_enrich/data_fetcher.py)
[2026-05-31 22:56:35.186] [WARN] [position_tracker] 获取002354价格失败: cannot import name 'fetch_qq_realtime' from 'L2_data_enrich.data_fetcher' (/Users/guchuang/.hermes/investment/L2_data_enrich/data_fetcher.py)
[2026-05-31 22:56:35.187] [WARN] [position_tracker] 获取002414价格失败: cannot import name 'fetch_qq_realtime' from 'L2_data_enrich.data_fetcher' (/Users/guchuang/.hermes/investment/L2_data_enrich/data_fetcher.py)
[2026-05-31 22:56:35.187] [WARN] [position_tracker] 获取600519价格失败: cannot import name 'fetch_qq_realtime' from 'L2_data_enrich.data_fetcher' (/Users/guchuang/.hermes/investment/L2_data_enrich/data_fetcher.py)
[2026-05-31 22:56:35.187] [WARN] [position_tracker] 获取002916价格失败: cannot import name 'fetch_qq_realtime' from 'L2_data_enrich.data_fetcher' (/Users/guchuang/.hermes/investment/L2_data_enrich/data_fetcher.py)
[2026-05-31 22:56:35.187] [WARN] [position_tracker] 获取002916价格失败: cannot import name 'fetch_qq_realtime' from 'L2_data_enrich.data_fetcher' (/Users/guchuang/.hermes/investment/L2_data_enrich/data_fetcher.py)
[2026-05-31 22:56:35.189] [INFO] [position_tracker] 冷冻表已保存: /Users/guchuang/.hermes/investment/main/freeze_table.json
[2026-05-31 22:56:35.216] [INFO] [l5_runner] L5终审完成: 记录0个BUY，复盘0笔，调参建议0条，报告未生成
[2026-05-31 22:56:47.199] [INFO] [l1_runner] 开始L1选股 market=CN
[2026-05-31 22:56:58.762] [INFO] [l1_runner] L1选股完成: 3 只候选股票
[2026-05-31 22:56:58.763] [INFO] [l2_runner] 开始L2数据充实: 3 只股票
[2026-05-31 22:57:37.281] [INFO] [l2_runner] L2数据充实完成: 3 只股票，耗时38.5s
[2026-05-31 22:57:37.283] [INFO] [l3_runner] 开始L3量化分析: 1 只股票
[2026-05-31 22:57:49.708] [INFO] [l3_runner] L3量化分析完成: 1 只股票，耗时12.4s
[2026-05-31 22:57:49.708] [INFO] [l4_runner] 开始L4风险裁决: 1 只股票
[2026-05-31 22:57:49.718] [INFO] [l4_runner] L4风险裁决完成: 1 只，BUY=0，耗时0.0s
[2026-05-31 22:57:49.718] [INFO] [l3_runner] 开始L3量化分析: 1 只股票
[2026-05-31 22:58:05.666] [INFO] [l3_runner] L3量化分析完成: 1 只股票，耗时15.9s
[2026-05-31 22:58:05.666] [INFO] [l4_runner] 开始L4风险裁决: 1 只股票
[2026-05-31 22:58:05.667] [INFO] [l4_runner] L4风险裁决完成: 1 只，BUY=1，耗时0.0s
[2026-05-31 22:58:05.667] [INFO] [l3_runner] 开始L3量化分析: 1 只股票
